Read 87 cities and 110 edges
Number of connected components: 3
 Connected Component 1:
    Indianapolis,IN
    Bergan_County,NJ
    Williamsburg,VA
    Gloucester_County,NJ
    Houston,TX
    Mercer_County,NJ
    Union_County,NJ
    Morris_County,NJ
    Nashville,TN
    Fort_Lauderdale,FL
    Louisville,KY
    Boston,MA
    Middlesex_County,NJ
    Oakland,CA
    Columbus,OH
    Albuquerque,NM
    Baltimore,MD
    Newark,NJ
    Bronx,NY
    New_Castle_County,DE
    Bucks_County,PA
    New_Orleans,LA
    Green_Bay,WI
    Fort_Worth,TX
    Hunterdon_County,NJ
    Jersey_City,NJ
    Oklahoma_City,OK
    Ocean_County,NJ
    Washington,DC
    Colorado_Springs,CO
    San_Francisco,CA
    Queens,NY
    St._Louis,MO
    Corpus_Christi,TX
    Sussex_County,NJ
    Minneapolis,MN
    Patterson,NJ
    Essex_County,NJ
    Westchester_County,NY
    Passaic_County,NJ
    New_York_City,NY
    Atlantic_City,NJ
    Annapolis,MD
    Long_Island,NY
    Las_Vegas,NV
    Omaha,NE
    Richmond,IN
    Dutchess_County,NY
    Nassau_County,NY
    Harrisburg,PA
    Raleigh,NC
    Monmouth_County,NJ
    Salem_County,NJ
    Medford,OR
    Chicago,IL
    Cincinnati,OH
    Detroit,MI
    Wilmington,DE
    Putnam_County,NY
    Philadelphia,PA
    Outer_Banks,NC
    Greenwich_Village,NY
    Palm_Beach,FL
    Kansas_City,KS
    Santa_Barbara,CA
    Buffalo,NY
    Cape_May_County,NJ
    St._Petersburg,FL
    Phoenix,AZ
    Cleveland,OH
    Seattle,WA
    Orange_County,NY
    Lexington,KY
    Los_Angeles,CA
    Sussex_County,DE
    Dallas,TX
    San_Antonio,TX
    Tampa,FL
    Tacoma,WA
    Miami,FL
    Eugene,OR
    Pittsburgh,PA
 Connected Component 2:
    Brooklyn,NY
    Tucson,AZ
    Gwinnett_County,GA
 Connected Component 3:
    Charlotte,NC
    Cumberland_County,NJ
Graph contains a cycle
