Read 99 cities and 282 edges
Number of connected components: 1
 Connected Component 1:
    Outer_Banks,NC
    Louisville,KY
    Hudson_County,NJ
    Richmond,IN
    Brooklyn,NY
    Dutchess_County,NY
    Passaic_County,NJ
    Phoenix,AZ
    Sussex_County,DE
    Albuquerque,NM
    Cincinnati,OH
    Fort_Worth,TX
    Palm_Beach,FL
    San_Diego,CA
    Staten_Island,NY
    Harrisburg,PA
    St._Petersburg,FL
    St._Louis,MO
    New_Orleans,LA
    Detroit,MI
    Salem_County,NJ
    Las_Vegas,NV
    Tucson,AZ
    Rochester,NY
    Westchester_County,NY
    Bronx,NY
    Eugene,OR
    Colorado_Springs,CO
    Green_Bay,WI
    Portland,OR
    Sussex_County,NJ
    Memphis,TN
    Boston,MA
    Tacoma,WA
    Bucks_County,PA
    Queens,NY
    Milwaukee,WI
    Monmouth_County,NJ
    Lexington,KY
    Union_County,NJ
    Philadelphia,PA
    Hunterdon_County,NJ
    Austin,Texas
    Dallas,TX
    Omaha,NE
    Oklahoma_City,OK
    Jersey_City,NJ
    Tampa,FL
    Washington,DC
    Seattle,WA
    Patterson,NJ
    Medford,OR
    San_Francisco,CA
    Pittsburgh,PA
    Ocean_County,NJ
    Kansas_City,KS
    Charlotte,NC
    Ulster_County,NY
    Nassau_County,NY
    Mercer_County,NJ
    Oakland,CA
    Wilmington,DE
    Newark,NJ
    Middlesex_County,NJ
    Bergan_County,NJ
    Houston,TX
    Annapolis,MD
    Essex_County,NJ
    Cape_May_County,NJ
    Columbus,OH
    Santa_Barbara,CA
    Long_Island,NY
    Chicago,IL
    Putnam_County,NY
    Nashville,TN
    Fort_Lauderdale,FL
    Cleveland,OH
    New_York_City,NY
    Gloucester_County,NJ
    Baltimore,MD
    Morris_County,NJ
    Minneapolis,MN
    Gwinnett_County,GA
    San_Antonio,TX
    New_Castle_County,DE
    Miami,FL
    Atlantic_City,NJ
    Williamsburg,VA
    Atlanta,GA,
    Cumberland_County,NJ
    Buffalo,NY
    Raleigh,NC
    Orlando,FL
    Corpus_Christi,TX
    Los_Angeles,CA
    Indianapolis,IN
    Denver,CO
    Greenwich_Village,NY
    Orange_County,NY
Graph contains a cycle
